<?xml version="1.0" encoding="UTF-8"?>
<!-- Generated by org.testng.reporters.JUnitReportReporter -->
<testsuite skipped="0" hostname="DESKTOP-5EIVUBN" name="com.uthej.testcases.AutomationPractice" tests="2" failures="0" timestamp="06 Mar 2020 08:46:46 GMT" time="0.652" errors="0">
  <testcase name="homepageautomationpractice" time="0.124" classname="com.uthej.testcases.AutomationPractice"/>
  <testcase name="enterNameSearchBox" time="0.528" classname="com.uthej.testcases.AutomationPractice"/>
</testsuite> <!-- com.uthej.testcases.AutomationPractice -->
